-------------------------------------------------------------------------------
Test set: com.pakius.CRUDTest
-------------------------------------------------------------------------------
Tests run: 5, Failures: 0, Errors: 4, Skipped: 0, Time elapsed: 7.918 sec <<< FAILURE! - in com.pakius.CRUDTest
test2LoadPerson(com.pakius.CRUDTest)  Time elapsed: 0.018 sec  <<< ERROR!
java.lang.NumberFormatException: For input string: "8080267073226357266"
	at java.lang.NumberFormatException.forInputString(NumberFormatException.java:65)
	at java.lang.Integer.parseInt(Integer.java:583)
	at java.lang.Integer.parseInt(Integer.java:615)
	at org.springframework.web.util.UriComponentsBuilder.fromUriString(UriComponentsBuilder.java:195)
	at org.springframework.web.util.UriTemplate.<init>(UriTemplate.java:69)
	at org.springframework.web.client.RestTemplate.execute(RestTemplate.java:511)
	at org.springframework.web.client.RestTemplate.getForEntity(RestTemplate.java:268)
	at com.pakius.CRUDTest.test2LoadPerson(CRUDTest.java:54)

test3UpdatePerson(com.pakius.CRUDTest)  Time elapsed: 0 sec  <<< ERROR!
java.lang.NumberFormatException: For input string: "8080267073226357266"
	at java.lang.NumberFormatException.forInputString(NumberFormatException.java:65)
	at java.lang.Integer.parseInt(Integer.java:583)
	at java.lang.Integer.parseInt(Integer.java:615)
	at org.springframework.web.util.UriComponentsBuilder.fromUriString(UriComponentsBuilder.java:195)
	at org.springframework.web.util.UriTemplate.<init>(UriTemplate.java:69)
	at org.springframework.web.client.RestTemplate.execute(RestTemplate.java:511)
	at org.springframework.web.client.RestTemplate.getForEntity(RestTemplate.java:268)
	at com.pakius.CRUDTest.test3UpdatePerson(CRUDTest.java:67)

test4Predicate(com.pakius.CRUDTest)  Time elapsed: 0.069 sec  <<< ERROR!
java.lang.NullPointerException: null
	at com.pakius.CRUDTest.test4Predicate(CRUDTest.java:89)

test5DeletePerson(com.pakius.CRUDTest)  Time elapsed: 0.003 sec  <<< ERROR!
java.lang.NumberFormatException: For input string: "8080267073226357266"
	at java.lang.NumberFormatException.forInputString(NumberFormatException.java:65)
	at java.lang.Integer.parseInt(Integer.java:583)
	at java.lang.Integer.parseInt(Integer.java:615)
	at org.springframework.web.util.UriComponentsBuilder.fromUriString(UriComponentsBuilder.java:195)
	at org.springframework.web.util.UriTemplate.<init>(UriTemplate.java:69)
	at org.springframework.web.client.RestTemplate.execute(RestTemplate.java:511)
	at org.springframework.web.client.RestTemplate.delete(RestTemplate.java:408)
	at com.pakius.CRUDTest.test5DeletePerson(CRUDTest.java:100)

