<?xml version="1.0" encoding="UTF-8"?>
<testsuite name="com.pakius.CRUDTest" time="7.805" tests="5" errors="4" skipped="0" failures="0">
  <properties>
[...]
</properties>
  <testcase name="test1CreatePerson" classname="com.pakius.CRUDTest" time="7.715"/>
  <testcase name="test2LoadPerson" classname="com.pakius.CRUDTest" time="0.018">
    <error message="For input string: &quot;8080267073226357266&quot;" type="java.lang.NumberFormatException"><![CDATA[java.lang.NumberFormatException: For input string: "8080267073226357266"
	at java.lang.NumberFormatException.forInputString(NumberFormatException.java:65)
	at java.lang.Integer.parseInt(Integer.java:583)
	at java.lang.Integer.parseInt(Integer.java:615)
	at org.springframework.web.util.UriComponentsBuilder.fromUriString(UriComponentsBuilder.java:195)
	at org.springframework.web.util.UriTemplate.<init>(UriTemplate.java:69)
	at org.springframework.web.client.RestTemplate.execute(RestTemplate.java:511)
	at org.springframework.web.client.RestTemplate.getForEntity(RestTemplate.java:268)
	at com.pakius.CRUDTest.test2LoadPerson(CRUDTest.java:54)
]]></error>
  </testcase>
  <testcase name="test3UpdatePerson" classname="com.pakius.CRUDTest" time="0">
    <error message="For input string: &quot;8080267073226357266&quot;" type="java.lang.NumberFormatException"><![CDATA[java.lang.NumberFormatException: For input string: "8080267073226357266"
	at java.lang.NumberFormatException.forInputString(NumberFormatException.java:65)
	at java.lang.Integer.parseInt(Integer.java:583)
	at java.lang.Integer.parseInt(Integer.java:615)
	at org.springframework.web.util.UriComponentsBuilder.fromUriString(UriComponentsBuilder.java:195)
	at org.springframework.web.util.UriTemplate.<init>(UriTemplate.java:69)
	at org.springframework.web.client.RestTemplate.execute(RestTemplate.java:511)
	at org.springframework.web.client.RestTemplate.getForEntity(RestTemplate.java:268)
	at com.pakius.CRUDTest.test3UpdatePerson(CRUDTest.java:67)
]]></error>
  </testcase>
  <testcase name="test4Predicate" classname="com.pakius.CRUDTest" time="0.069">
    <error type="java.lang.NullPointerException:">java.lang.NullPointerException: null
	at com.pakius.CRUDTest.test4Predicate(CRUDTest.java:89)
</error>
  </testcase>
  <testcase name="test5DeletePerson" classname="com.pakius.CRUDTest" time="0.003">
    <error message="For input string: &quot;8080267073226357266&quot;" type="java.lang.NumberFormatException"><![CDATA[java.lang.NumberFormatException: For input string: "8080267073226357266"
	at java.lang.NumberFormatException.forInputString(NumberFormatException.java:65)
	at java.lang.Integer.parseInt(Integer.java:583)
	at java.lang.Integer.parseInt(Integer.java:615)
	at org.springframework.web.util.UriComponentsBuilder.fromUriString(UriComponentsBuilder.java:195)
	at org.springframework.web.util.UriTemplate.<init>(UriTemplate.java:69)
	at org.springframework.web.client.RestTemplate.execute(RestTemplate.java:511)
	at org.springframework.web.client.RestTemplate.delete(RestTemplate.java:408)
	at com.pakius.CRUDTest.test5DeletePerson(CRUDTest.java:100)
]]></error>
  </testcase>
</testsuite>